app/build/outputs/mapping/release/mapping.txt
# compiler: R8
# compiler_version: 2.1.86
# min_api: 19
# pg_map_id: 121dd5d
# common_typos_disable
com.webhostapp.bitedash.twa.LauncherActivity -> com.webhostapp.bitedash.twa.LauncherActivity:
    android.net.Uri getLaunchingUrl() -> g
...
androidx.browser.trusted.TrustedWebActivityDisplayMode -> b.a.c.i:
    android.os.Bundle toBundle() -> a
androidx.browser.trusted.TrustedWebActivityDisplayMode$DefaultMode -> b.a.c.i$a:
    android.os.Bundle toBundle() -> a
androidx.browser.trusted.TrustedWebActivityDisplayMode$ImmersiveMode -> b.a.c.i$b:
    boolean mIsSticky -> a
    int mLayoutInDisplayCutoutMode -> b
    android.os.Bundle toBundle() -> a
androidx.browser.trusted.TrustedWebActivityIntent -> b.a.c.j:
    java.util.List mSharedFileUris -> b
    android.content.Intent mIntent -> a
    android.content.Intent getIntent() -> a
    void grantUriPermissionToProvider(android.content.Context) -> b
    void launchTrustedWebActivity(android.content.Context) -> c
androidx.browser.trusted.TrustedWebActivityIntentBuilder -> b.a.c.k:
    androidx.browser.trusted.sharing.ShareTarget mShareTarget -> f
    int mScreenOrientation -> h
    java.util.List mAdditionalTrustedOrigins -> c
    android.os.Bundle mSplashScreenParams -> d
    androidx.browser.trusted.sharing.ShareData mShareData -> e
    androidx.browser.trusted.TrustedWebActivityDisplayMode mDisplayMode -> g
    androidx.browser.customtabs.CustomTabsIntent$Builder mIntentBuilder -> b
    android.net.Uri mUri -> a
    androidx.browser.trusted.TrustedWebActivityIntent build(androidx.browser.customtabs.CustomTabsSession) -> a
    androidx.browser.customtabs.CustomTabsIntent buildCustomTabsIntent() -> b
    android.net.Uri getUri() -> c
    androidx.browser.trusted.TrustedWebActivityIntentBuilder setAdditionalTrustedOrigins(java.util.List) -> d
    androidx.browser.trusted.TrustedWebActivityIntentBuilder setColorScheme(int) -> e
    androidx.browser.trusted.TrustedWebActivityIntentBuilder setColorSchemeParams(int,androidx.browser.customtabs.CustomTabColorSchemeParams) -> f
    androidx.browser.trusted.TrustedWebActivityIntentBuilder setDisplayMode(androidx.browser.trusted.TrustedWebActivityDisplayMode) -> g
    androidx.browser.trusted.TrustedWebActivityIntentBuilder setNavigationBarColor(int) -> h
    androidx.browser.trusted.TrustedWebActivityIntentBuilder setNavigationBarDividerColor(int) -> i
androidx.browser.trusted.TrustedWebActivityService -> b.a.c.l:
    android.app.NotificationManager mNotificationManager -> a
    int mVerifiedUid -> b
    android.support.customtabs.trusted.ITrustedWebActivityService$Stub mBinder -> c
    java.lang.String channelNameToId(java.lang.String) -> a
    void ensureOnCreateCalled() -> b
    androidx.browser.trusted.TokenStore getTokenStore() -> c
    boolean onAreNotificationsEnabled(java.lang.String) -> d
    void onCancelNotification(java.lang.String,int) -> e
    android.os.Bundle onExtraCommand(java.lang.String,android.os.Bundle,androidx.browser.trusted.TrustedWebActivityCallbackRemote) -> f
    android.os.Parcelable[] onGetActiveNotifications() -> g
    android.os.Bundle onGetSmallIconBitmap() -> h
    int onGetSmallIconId() -> i
    boolean onNotifyNotificationWithChannel(java.lang.String,int,android.app.Notification,java.lang.String) -> j
androidx.browser.trusted.TrustedWebActivityService$1 -> b.a.c.l$a:
    androidx.browser.trusted.TrustedWebActivityService this$0 -> a
    android.os.Bundle areNotificationsEnabled(android.os.Bundle) -> a
    android.os.Bundle getActiveNotifications() -> d
    int getSmallIconId() -> g
    void cancelNotification(android.os.Bundle) -> h
    android.os.Bundle extraCommand(java.lang.String,android.os.Bundle,android.os.IBinder) -> i
    android.os.Bundle notifyNotificationWithChannel(android.os.Bundle) -> n
    android.os.Bundle getSmallIconBitmap() -> p
    void checkCaller() -> s
androidx.browser.trusted.TrustedWebActivityServiceConnection -> b.a.c.m:
    void ensureBundleContains(android.os.Bundle,java.lang.String) -> a
androidx.browser.trusted.TrustedWebActivityServiceConnection$ActiveNotificationsArgs -> b.a.c.m$a:
    android.os.Parcelable[] notifications -> a
    android.os.Bundle toBundle() -> a