app/build/outputs/mapping/release/usage.txt
com.webhostapp.bitedash.twa.R$mipmap
com.webhostapp.bitedash.twa.R
com.webhostapp.bitedash.twa.BuildConfig
com.webhostapp.bitedash.twa.R$style
com.webhostapp.bitedash.twa.R$drawable
com.webhostapp.bitedash.twa.R$raw
com.webhostapp.bitedash.twa.R$layout
com.webhostapp.bitedash.twa.R$xml
com.webhostapp.bitedash.twa.R$dimen
com.webhostapp.bitedash.twa.R$color
com.webhostapp.bitedash.twa.R$styleable
com.webhostapp.bitedash.twa.R$string
com.webhostapp.bitedash.twa.R$integer
com.webhostapp.bitedash.twa.R$attr
com.webhostapp.bitedash.twa.R$bool
com.webhostapp.bitedash.twa.R$id
...
androidx.browser.trusted.TrustedWebActivityServiceConnection$CancelNotificationArgs:
    public android.os.Bundle toBundle()
androidx.core.view.inputmethod.InputConnectionCompat
androidx.core.app.NotificationCompat$Style
androidx.core.app.FrameMetricsAggregator$FrameMetricsApi24Impl$1
androidx.core.widget.NestedScrollView$AccessibilityDelegate
androidx.core.content.pm.ShortcutInfoCompatSaver
androidx.core.content.ContextCompat:
    protected void <init>()
    public static boolean startActivities(android.content.Context,android.content.Intent[])
    public static boolean startActivities(android.content.Context,android.content.Intent[],android.os.Bundle)
    public static java.io.File getDataDir(android.content.Context)
    public static java.io.File[] getObbDirs(android.content.Context)
    public static android.content.res.ColorStateList getColorStateList(android.content.Context,int)
    public static int checkSelfPermission(android.content.Context,java.lang.String)
    public static java.io.File getNoBackupFilesDir(android.content.Context)
    public static java.io.File getCodeCacheDir(android.content.Context)
    private static synchronized java.io.File createFilesDir(java.io.File)
    public static android.content.Context createDeviceProtectedStorageContext(android.content.Context)
    public static boolean isDeviceProtectedStorage(android.content.Context)
    public static java.util.concurrent.Executor getMainExecutor(android.content.Context)
    public static void startForegroundService(android.content.Context,android.content.Intent)
    public static java.lang.Object getSystemService(android.content.Context,java.lang.Class)
    public static java.lang.String getSystemServiceName(android.content.Context,java.lang.Class)
    private static final java.lang.String TAG
androidx.annotation.Dimension
androidx.core.widget.EdgeEffectCompat
androidx.core.view.accessibility.AccessibilityViewCommand$SetSelectionArguments
androidx.core.R$layout
androidx.browser.R$id
androidx.lifecycle.ReflectiveGenericLifecycleObserver:
    void <init>(java.lang.Object)
    public void onStateChanged(androidx.lifecycle.LifecycleOwner,androidx.lifecycle.Lifecycle$Event)
    private final java.lang.Object mWrapped
    private final androidx.lifecycle.ClassesInfoCache$CallbackInfo mInfo
com.google.androidbrowserhelper.trusted.ChromeOsSupport:
    public void <init>()
    public static final java.lang.String ARC_FEATURE
    public static final java.lang.String ARC_PAYMENT_APP
androidx.core.app.ShareCompat$IntentReader
androidx.annotation.MainThread
androidx.versionedparcelable.VersionedParcel$ParcelException
androidx.core.app.BundleCompat$BundleCompatBaseImpl:
    private void <init>()
    public static android.os.IBinder getBinder(android.os.Bundle,java.lang.String)
    private static final java.lang.String TAG
    private static java.lang.reflect.Method sGetIBinderMethod
    private static boolean sGetIBinderMethodFetched
androidx.core.os.EnvironmentCompat
androidx.browser.trusted.NotificationApiHelperForM:
    private void <init>()
androidx.lifecycle.ReportFragment$ActivityInitializationListener
androidx.core.app.NotificationCompat$Action$Builder
com.google.androidbrowserhelper.trusted.FocusActivity:
    private static final java.lang.String EXTRA_FOCUS_INTENT
androidx.browser.browseractions.BrowserActionsFallbackMenuDialog
androidx.core.widget.TintableCompoundDrawablesView
androidx.core.text.BidiFormatter$Builder
com.google.androidbrowserhelper.R$string:
    private void <init>()
    public static final int app_name
    public static final int copy_toast_msg
    public static final int fallback_menu_item_copy_link
    public static final int fallback_menu_item_open_in_browser
    public static final int fallback_menu_item_share_link
    public static final int no_provider_toast
    public static final int status_bar_notification_info_overflow
    public static final int update_chrome_toast
androidx.core.os.UserManagerCompat